==9453== Memcheck, a memory error detector
==9453== Copyright (C) 2002-2017, and GNU GPL'd, by Julian Seward et al.
==9453== Using Valgrind-3.18.1 and LibVEX; rerun with -h for copyright info
==9453== Command: bin/xacto -p 9999
==9453== Parent PID: 9279
==9453== 
==9453== 
==9453== FILE DESCRIPTORS: 8 open (3 std) at exit.
==9453== Open AF_INET socket 5: 0.0.0.0:9999 <-> unbound
==9453==    at 0x498AD2B: socket (syscall-template.S:120)
==9453==    by 0x10C599: open_listenfd (wrappers.c:715)
==9453==    by 0x10C732: Open_listenfd (wrappers.c:762)
==9453==    by 0x10ADEE: main (main.c:79)
==9453== 
==9453== Open file descriptor 12: /dev/shm/bxf_arena_9276 (deleted)
==9453==    <inherited from parent>
==9453== 
==9453== Open file descriptor 11: /dev/shm/bxf_arena_9276 (deleted)
==9453==    <inherited from parent>
==9453== 
==9453== Open file descriptor 4:
==9453==    <inherited from parent>
==9453== 
==9453== Open file descriptor 3: /root/zdupont/hw5/valgrind.out
==9453==    <inherited from parent>
==9453== 
==9453== 
==9453== HEAP SUMMARY:
==9453==     in use at exit: 4 bytes in 1 blocks
==9453==   total heap usage: 116 allocs, 115 frees, 49,456 bytes allocated
==9453== 
==9453== 4 bytes in 1 blocks are still reachable in loss record 1 of 1
==9453==    at 0x4848899: malloc (in /usr/libexec/valgrind/vgpreload_memcheck-amd64-linux.so)
==9453==    by 0x10AE44: main (main.c:83)
==9453== 
==9453== LEAK SUMMARY:
==9453==    definitely lost: 0 bytes in 0 blocks
==9453==    indirectly lost: 0 bytes in 0 blocks
==9453==      possibly lost: 0 bytes in 0 blocks
==9453==    still reachable: 4 bytes in 1 blocks
==9453==         suppressed: 0 bytes in 0 blocks
==9453== 
==9453== For lists of detected and suppressed errors, rerun with: -s
==9453== ERROR SUMMARY: 0 errors from 0 contexts (suppressed: 0 from 0)
